<?xml version="1.0" encoding="UTF-8"?>
<!-- Generated by org.testng.reporters.JUnitReportReporter -->
<testsuite hostname="EC2AMAZ-JS1ARPS" failures="0" tests="1" name="com.goldman.selenium.mtestng" time="0.002" errors="0" timestamp="2025-04-05T09:33:03 EDT" skipped="0">
  <testcase classname="com.goldman.selenium.mtestng" name="testMethod" time="0.002"/>
</testsuite> <!-- com.goldman.selenium.mtestng -->
