<?xml version="1.0" encoding="UTF-8"?>
<!-- Generated by org.testng.reporters.JUnitReportReporter -->
<testsuite hostname="EC2AMAZ-JS1ARPS" failures="0" tests="1" name="com.goldman.selenium.NewTest" time="0.010" errors="0" timestamp="2025-04-05T09:33:03 EDT" skipped="0">
  <testcase classname="com.goldman.selenium.NewTest" name="kjhyg" time="0.010"/>
</testsuite> <!-- com.goldman.selenium.NewTest -->
